Arguments: 
  /Users/jenny.huang/.nvm/versions/node/v16.4.2/bin/node /Users/jenny.huang/.nvm/versions/node/v16.4.2/bin/yarn

PATH: 
  /Users/jenny.huang/.nvm/versions/node/v16.4.2/bin:/usr/bin:/usr/local/bin:/usr/bin:/bin:/usr/sbin:/sbin

Yarn version: 
  1.22.10

Node version: 
  16.4.2

Platform: 
  darwin x64

Trace: 
  Error: getaddrinfo ENOTFOUND nexus-proxy-prd.soma.salesforce.com
      at GetAddrInfoReqWrap.onlookup [as oncomplete] (node:dns:71:26)

npm manifest: 
  {
    "name": "rsvp",
    "version": "0.1.0",
    "private": true,
    "dependencies": {
      "@testing-library/jest-dom": "^5.11.10",
      "@testing-library/react": "^11.2.6",
      "@testing-library/user-event": "^12.8.3",
      "@typeform/embed": "^1.1.1",
      "or": "^0.2.0",
      "react": "^17.0.2",
      "react-bootstrap": "^1.5.2",
      "react-dom": "^17.0.2",
      "react-fade-in": "^2.0.1",
      "react-scripts": "4.0.3",
      "sails": "^1.4.2",
      "web-vitals": "^1.1.1"
    },
    "scripts": {
      "start": "react-scripts start",
      "build": "react-scripts build",
      "test": "react-scripts test",
      "eject": "react-scripts eject"
    },
    "eslintConfig": {
      "extends": [
        "react-app",
        "react-app/jest"
      ]
    },
    "browserslist": {
      "production": [
        ">0.2%",
        "not dead",
        "not op_mini all"
      ],
      "development": [
        "last 1 chrome version",
        "last 1 firefox version",
        "last 1 safari version"
      ]
    }
  }

yarn manifest: 
  No manifest

Lockfile: 
  No lockfile
